\BOOKMARK [1][-]{section*.1}{\376\377\124\174\124\001}{}% 1
\BOOKMARK [1][-]{section*.2}{\376\377\151\202\217\360}{}% 2
\BOOKMARK [1][-]{section.1}{\376\377\000P\000l\000a\000y\000e\000r}{}% 3
\BOOKMARK [2][-]{subsection.1.1}{\376\377\121\306\131\007\135\345\117\134}{section.1}% 4
\BOOKMARK [2][-]{subsection.1.2}{\376\377\221\115\177\156}{section.1}% 5
\BOOKMARK [2][-]{subsection.1.3}{\376\377\117\177\165\050\135\362\147\011\166\204\000\040\000M\000O\000D}{section.1}% 6
\BOOKMARK [3][-]{subsubsection.1.3.1}{\376\377\121\163\116\216\000\040\000M\000O\000D\000\040\173\241\164\006}{subsection.1.3}% 7
\BOOKMARK [2][-]{subsection.1.4}{\376\377\127\050\124\352\116\013\217\175\000\040\000M\000O\000D\000?}{section.1}% 8
\BOOKMARK [1][-]{section.2}{\376\377\000M\000o\000d\000e\000l\000e\000r}{}% 9
\BOOKMARK [2][-]{subsection.2.1}{\376\377\217\333\116\000\153\145\166\204\121\306\131\007}{section.2}% 10
\BOOKMARK [2][-]{subsection.2.2}{\376\377\203\267\123\326\156\220\152\041\127\213}{section.2}% 11
\BOOKMARK [2][-]{subsection.2.3}{\376\377\173\054\116\000\116\052\000\040\000M\000O\000D\000:\000\040\215\144\167\263\203\147\131\271\040\024\040\024\133\146\116\140\133\374\121\145\133\374\121\372}{section.2}% 12
\BOOKMARK [2][-]{subsection.2.4}{\376\377\154\241\147\011\210\331\144\106\166\204\132\034\176\364\132\005\040\024\040\024\133\146\116\140\122\040\226\144\220\350\116\366}{section.2}% 13
\BOOKMARK [2][-]{subsection.2.5}{\376\377\213\251\203\147\131\271\166\204\123\321\231\160\143\142\116\052\117\115\177\156\040\024\040\024\133\146\116\140\147\103\221\315\117\040\220\022}{section.2}% 14
\BOOKMARK [2][-]{subsection.2.6}{\376\377\213\251\203\147\131\271\142\064\116\012\132\034\176\364\132\005\166\204\171\074\136\075\040\024\040\024\133\146\116\140\000\040\000U\000V\000\040\116\016\176\271\164\006\177\026\217\221}{section.2}% 15
\BOOKMARK [2][-]{subsection.2.7}{\376\377\142\122\143\211\203\147\131\271\166\204\210\143\147\015\000!\040\024\040\024\133\146\116\140\220\006\124\021\000\040\000M\000O\000D}{section.2}% 16
\BOOKMARK [2][-]{subsection.2.8}{\376\377\203\147\131\271\000!\000\040\131\047\153\047\155\076\000!\040\024\040\024\133\146\116\140\173\200\123\125\166\204\226\325\122\073}{section.2}% 17
\BOOKMARK [2][-]{subsection.2.9}{\376\377\201\352\133\232\116\111\163\251\133\266\131\064\120\317\040\024\040\024\133\146\116\140\000\040\0002\000D\000\040\176\271\164\006\000\040\000M\000O\000D\000\040\166\204\122\066\117\134}{section.2}% 18
\BOOKMARK [2][-]{subsection.2.10}{\376\377\213\251\203\147\131\271\123\330\142\020\173\046\131\052\123\134\000!\040\024\040\024\116\015\124\014\156\070\142\017\116\113\225\364\166\204\152\041\127\213\171\373\151\015}{section.2}% 19
\BOOKMARK [1][-]{section.3}{\376\377\000E\000n\000g\000i\000n\000e\000e\000r}{}% 20
\BOOKMARK [2][-]{subsection.3.1}{\376\377\000L\000i\000n\000e\000a\000r\000\040\000A\000l\000g\000e\000b\000r\000a\000\040\000B\000a\000s\000i\000c}{section.3}% 21
\BOOKMARK [2][-]{subsection.3.2}{\376\377\000T\000r\000a\000n\000s\000f\000o\000r\000m\000a\000t\000i\000o\000n}{section.3}% 22
\BOOKMARK [2][-]{subsection.3.3}{\376\377\000R\000a\000s\000t\000e\000r\000i\000z\000a\000t\000i\000o\000n}{section.3}% 23
\BOOKMARK [2][-]{subsection.3.4}{\376\377\000S\000h\000a\000d\000e\000r}{section.3}% 24
\BOOKMARK [2][-]{subsection.3.5}{\376\377\000B\000u\000f\000f\000e\000r}{section.3}% 25
